\BOOKMARK [1][-]{section.1}{Data analysis with Python}{}% 1
\BOOKMARK [2][-]{subsubsection*.2}{ipython notebook}{section.1}% 2
\BOOKMARK [2][-]{subsection.1.1}{String parsing / formatting}{section.1}% 3
\BOOKMARK [2][-]{subsection.1.2}{When do you have these kinds of problems?}{section.1}% 4
\BOOKMARK [2][-]{subsection.1.3}{How data is stored}{section.1}% 5
\BOOKMARK [2][-]{subsection.1.4}{Getting data into Python}{section.1}% 6
\BOOKMARK [3][-]{subsubsection*.3}{Lab 3, Exercise 1: data, csv, and ipython notebook}{subsection.1.4}% 7
\BOOKMARK [2][-]{subsection.1.5}{String formatting}{section.1}% 8
\BOOKMARK [3][-]{subsubsection*.4}{String methods}{subsection.1.5}% 9
\BOOKMARK [3][-]{subsubsection*.5}{List manipulation}{subsection.1.5}% 10
\BOOKMARK [3][-]{subsubsection*.6}{Strings to numbers}{subsection.1.5}% 11
\BOOKMARK [3][-]{subsubsection*.7}{Lab 3, Exercise 2: string formatting}{subsection.1.5}% 12
\BOOKMARK [2][-]{subsection.1.6}{Plotting}{section.1}% 13
\BOOKMARK [3][-]{subsubsection*.8}{Parsing the right data}{subsection.1.6}% 14
\BOOKMARK [2][-]{subsection.1.7}{Plotting the data}{section.1}% 15
\BOOKMARK [3][-]{subsubsection*.9}{Lab 3, Exercise 3: making your first plot}{subsection.1.7}% 16
\BOOKMARK [2][-]{subsection.1.8}{Other types of plots}{section.1}% 17
\BOOKMARK [3][-]{subsubsection*.10}{Bar plots}{subsection.1.8}% 18
\BOOKMARK [2][-]{subsection.1.9}{Drawing conclusions}{section.1}% 19
\BOOKMARK [3][-]{subsubsection*.11}{Adding labels}{subsection.1.9}% 20
